<?xml version="1.0" encoding="UTF-8"?>
<!-- Generated by org.testng.reporters.JUnitReportReporter -->
<testsuite skipped="0" hostname="UV" name="runner.APITestRunner" tests="2" failures="0" timestamp="2020-08-16T00:38:21 IST" time="40.309" errors="0">
  <testcase name="features" time="7.244" classname="runner.APITestRunner"/>
  <system-out/>
  <testcase name="features" time="33.065" classname="runner.APITestRunner"/>
  <system-out/>
</testsuite> <!-- runner.APITestRunner -->
